2025-03-05 00:57:08,468 - upyun - INFO - [16032:26776] - [初始化数据库]✌️创建或加载数据库文件成功.
2025-03-05 00:57:08,470 - upyun - INFO - [16032:26776] - [初始化数据库]✌️初始化数据库完成!
2025-03-05 18:19:25,614 - upyun - INFO - [19140:16316] - [初始化数据库]✌️创建或加载数据库文件成功.
2025-03-05 18:19:25,628 - upyun - INFO - [19140:16316] - [初始化数据库]✌️初始化数据库完成!
2025-03-05 18:19:26,059 - upyun - INFO - [2424:20596] - [初始化数据库]✌️创建或加载数据库文件成功.
2025-03-05 18:19:26,061 - upyun - INFO - [2424:20596] - [初始化数据库]✌️初始化数据库完成!
2025-03-05 18:20:05,244 - upyun - WARNING - [2424:13380] - [Webhook Test]✌️用户进行webhook测试成功,url:http://10.10.0.2:5000/api/webhook?token=f8e2c3a4-2ccf-4b57-86fa-027f1e91a5ac
2025-03-05 20:41:36,538 - upyun - INFO - [20888:25076] - [初始化数据库]✌️创建或加载数据库文件成功.
2025-03-05 20:41:36,539 - upyun - INFO - [20888:25076] - [初始化数据库]✌️初始化数据库完成!
2025-03-05 20:48:49,580 - upyun - INFO - [25220:13724] - [初始化数据库]✌️创建或加载数据库文件成功.
2025-03-05 20:48:49,582 - upyun - INFO - [25220:13724] - [初始化数据库]✌️初始化数据库完成!
2025-03-05 20:49:56,043 - upyun - INFO - [20088:17712] - [初始化数据库]✌️创建或加载数据库文件成功.
2025-03-05 20:49:56,044 - upyun - INFO - [20088:17712] - [初始化数据库]✌️初始化数据库完成!
2025-03-05 20:51:53,259 - upyun - INFO - [17708:6624] - [初始化数据库]✌️创建或加载数据库文件成功.
2025-03-05 20:51:53,260 - upyun - INFO - [17708:6624] - [初始化数据库]✌️初始化数据库完成!
2025-03-05 20:52:01,815 - upyun - INFO - [14684:26460] - [初始化数据库]✌️创建或加载数据库文件成功.
2025-03-05 20:52:01,817 - upyun - INFO - [14684:26460] - [初始化数据库]✌️初始化数据库完成!
2025-03-05 20:52:22,574 - upyun - INFO - [356:5620] - [初始化数据库]✌️创建或加载数据库文件成功.
2025-03-05 20:52:22,575 - upyun - INFO - [356:5620] - [初始化数据库]✌️初始化数据库完成!
2025-03-05 20:55:28,696 - upyun - INFO - [22812:26196] - [初始化数据库]✌️创建或加载数据库文件成功.
2025-03-05 20:55:28,698 - upyun - INFO - [22812:26196] - [初始化数据库]✌️初始化数据库完成!
2025-03-05 20:57:17,845 - upyun - INFO - [9228:27160] - [初始化数据库]✌️创建或加载数据库文件成功.
2025-03-05 20:57:17,847 - upyun - INFO - [9228:27160] - [初始化数据库]✌️初始化数据库完成!
2025-03-05 20:58:58,861 - upyun - INFO - [9000:8588] - [初始化数据库]✌️创建或加载数据库文件成功.
2025-03-05 20:58:58,863 - upyun - INFO - [9000:8588] - [初始化数据库]✌️初始化数据库完成!
2025-03-05 21:01:55,887 - upyun - INFO - [8220:14564] - [初始化数据库]✌️创建或加载数据库文件成功.
2025-03-05 21:01:55,888 - upyun - INFO - [8220:14564] - [初始化数据库]✌️初始化数据库完成!
2025-03-05 21:02:28,853 - upyun - INFO - [23908:15700] - [初始化数据库]✌️创建或加载数据库文件成功.
2025-03-05 21:02:28,855 - upyun - INFO - [23908:15700] - [初始化数据库]✌️初始化数据库完成!
2025-03-05 21:04:10,932 - upyun - INFO - [13388:26924] - [初始化数据库]✌️创建或加载数据库文件成功.
2025-03-05 21:04:10,933 - upyun - INFO - [13388:26924] - [初始化数据库]✌️初始化数据库完成!
2025-03-05 21:05:45,835 - upyun - INFO - [26292:4324] - [初始化数据库]✌️创建或加载数据库文件成功.
2025-03-05 21:05:45,836 - upyun - INFO - [26292:4324] - [初始化数据库]✌️初始化数据库完成!
2025-03-05 21:08:01,189 - upyun - INFO - [19424:13936] - [初始化数据库]✌️创建或加载数据库文件成功.
2025-03-05 21:08:01,191 - upyun - INFO - [19424:13936] - [初始化数据库]✌️初始化数据库完成!
2025-03-05 21:08:09,735 - upyun - INFO - [16876:7080] - [初始化数据库]✌️创建或加载数据库文件成功.
2025-03-05 21:08:09,737 - upyun - INFO - [16876:7080] - [初始化数据库]✌️初始化数据库完成!
2025-03-05 21:08:24,448 - upyun - INFO - [1720:25460] - [初始化数据库]✌️创建或加载数据库文件成功.
2025-03-05 21:08:24,450 - upyun - INFO - [1720:25460] - [初始化数据库]✌️初始化数据库完成!
2025-03-05 21:15:49,524 - upyun - INFO - [25160:9804] - [初始化数据库]✌️创建或加载数据库文件成功.
2025-03-05 21:15:49,786 - upyun - INFO - [25160:9804] - [初始化数据库]✌️初始化数据库完成!
2025-03-05 21:15:50,250 - upyun - INFO - [26728:17052] - [初始化数据库]✌️创建或加载数据库文件成功.
2025-03-05 21:15:50,258 - upyun - INFO - [26728:17052] - [初始化数据库]✌️初始化数据库完成!
2025-03-05 21:16:12,926 - upyun - INFO - [26728:23792] - [初始化数据库]✌️创建或加载数据库文件成功.
2025-03-05 21:16:13,010 - upyun - WARNING - [26728:23792] - [登录]🙌用户登录失败:username=admin,password=admin
2025-03-05 21:16:16,755 - upyun - INFO - [26728:26052] - [初始化数据库]✌️创建或加载数据库文件成功.
2025-03-05 21:16:16,838 - upyun - WARNING - [26728:26052] - [登录]🙌用户登录失败:username=admin,password=admiN@123
2025-03-05 21:16:21,199 - upyun - INFO - [26728:19484] - [初始化数据库]✌️创建或加载数据库文件成功.
2025-03-05 21:16:21,287 - upyun - INFO - [26728:19484] - [登录]✌️用户登录成功:username=admin,session_id=z0a7fuiHb0_1sP3SQCj9yXXU9X3GTBYWGIjucGin7c4
2025-03-05 21:16:21,293 - upyun - INFO - [26728:8900] - [初始化数据库]✌️创建或加载数据库文件成功.
2025-03-05 21:33:23,190 - upyun - INFO - [27352:8368] - [初始化数据库]✌️创建或加载数据库文件成功.
2025-03-05 21:33:23,211 - upyun - INFO - [27352:8368] - [初始化数据库]✌️初始化数据库完成!
2025-03-05 21:33:23,608 - upyun - INFO - [10708:6028] - [初始化数据库]✌️创建或加载数据库文件成功.
2025-03-05 21:33:23,609 - upyun - INFO - [10708:6028] - [初始化数据库]✌️初始化数据库完成!
2025-03-05 21:33:41,476 - upyun - INFO - [10708:25420] - [初始化数据库]✌️创建或加载数据库文件成功.
2025-03-05 21:33:41,562 - upyun - INFO - [10708:25420] - [登录]✌️用户登录成功:username=admin,session_id=kr2f58z6kCTrJAWu-Y2LJeNZbqSYPUP1KpGEPTgD_SU
2025-03-05 21:33:41,567 - upyun - INFO - [10708:4624] - [初始化数据库]✌️创建或加载数据库文件成功.
2025-03-05 21:33:41,808 - upyun - INFO - [10708:8404] - [webhook]✌️获取Webhook信息成功: http://10.10.0.2:5000/api/webhook?token=f8e2c3a4-2ccf-4b57-86fa-027f1e91a5ac
2025-03-05 21:34:02,334 - upyun - ERROR - [10708:4884] - HTTPSConnectionPool(host='console.upyun.com', port=443): Max retries exceeded with url: /accounts/signin/ (Caused by SSLError(SSLEOFError(8, 'EOF occurred in violation of protocol (_ssl.c:1129)')))
2025-03-05 21:34:02,335 - upyun - INFO - [10708:4884] - [测试登录]🙌使用username=18717705936,password=hsc1007.,登录upyun.com失败!
2025-03-05 21:34:02,531 - upyun - INFO - [10708:25780] - [webhook]✌️获取Webhook信息成功: http://10.10.0.2:5000/api/webhook?token=f8e2c3a4-2ccf-4b57-86fa-027f1e91a5ac
2025-03-05 21:34:19,760 - upyun - ERROR - [10708:7536] - HTTPSConnectionPool(host='console.upyun.com', port=443): Max retries exceeded with url: /accounts/signin/ (Caused by SSLError(SSLEOFError(8, 'EOF occurred in violation of protocol (_ssl.c:1129)')))
2025-03-05 21:34:19,762 - upyun - INFO - [10708:7536] - [测试登录]🙌使用username=18717705936,password=Hsc1007.,登录upyun.com失败!
2025-03-05 21:34:19,949 - upyun - INFO - [10708:21696] - [webhook]✌️获取Webhook信息成功: http://10.10.0.2:5000/api/webhook?token=f8e2c3a4-2ccf-4b57-86fa-027f1e91a5ac
2025-03-05 21:34:35,180 - upyun - ERROR - [10708:9064] - HTTPSConnectionPool(host='console.upyun.com', port=443): Max retries exceeded with url: /accounts/signin/ (Caused by SSLError(SSLEOFError(8, 'EOF occurred in violation of protocol (_ssl.c:1129)')))
2025-03-05 21:34:35,181 - upyun - INFO - [10708:9064] - [测试登录]🙌使用username=18717705936,password=hsc1007.,登录upyun.com失败!
2025-03-05 21:34:35,336 - upyun - INFO - [10708:8272] - [webhook]✌️获取Webhook信息成功: http://10.10.0.2:5000/api/webhook?token=f8e2c3a4-2ccf-4b57-86fa-027f1e91a5ac
2025-03-05 21:34:49,710 - upyun - INFO - [10708:25424] - Successfully logged in to upyun.com! Retrieved cookies: {"s": "RrMe4JegtSyvT_fymRWUTrYK2RiwDo9Ycx-bv22b_Ud37LPt9gAPe79UIwOhx65OAQmPNa_gXrwj7nwuMpQq4lKCI9WUj8Bht_9fqiBS_JqVHNor0QGrFQn9GxhvOIHnl9yAW2DFrgGE-fajzh6SYxJ1VNnkEsh6U-tJFayYpbxaI2BYYwvKljsAqoOGl5nNGB7FIZVrBz9oXORMQ9NjdA==", "sid": "Anrgmuf1MXB0e2jPLOeOyLmPtT5H_H7C911Jtw041i9iDYNdPrzFooJ-nZeKcu4m"}
2025-03-05 21:34:49,711 - upyun - INFO - [10708:25424] - [测试登录]✌️使用username=18717705936,password=hsc1007.,登录upyun.com成功!
2025-03-05 21:34:49,858 - upyun - INFO - [10708:7296] - [webhook]✌️获取Webhook信息成功: http://10.10.0.2:5000/api/webhook?token=f8e2c3a4-2ccf-4b57-86fa-027f1e91a5ac
2025-03-05 21:34:51,228 - upyun - INFO - [10708:27200] - [初始化数据库]✌️创建或加载数据库文件成功.
2025-03-05 21:34:51,531 - upyun - INFO - [10708:27200] - Successfully logged in to upyun.com! Retrieved cookies: {"s": "RrMe4JegtSyvT_fymRWUTrYK2RiwDo9Ycx-bv22b_Ud37LPt9gAPe79UIwOhx65OAQmPNa_gXrwj7nwuMpQq4lKCI9WUj8Bht_9fqiBS_JqVHNor0QGrFQn9GxhvOIHnrHWT0mIVGMus79Jwh62k1SknMsf4IqjdW6qxeOgdjzD2v0Ki4YD_q6zK5UturyWA7e1254uZ7I4BVR9jNVF8CQ==", "sid": "gdpee4UGrqllPbylySB0AjfHwS8UA5KQASo3QI_f-021V8VOZPZNtJpEPzQ3NgyV"}
2025-03-05 21:34:51,682 - upyun - INFO - [10708:27200] - [保存账号]保存账号成功!成功获取cookies={'s': 'RrMe4JegtSyvT_fymRWUTrYK2RiwDo9Ycx-bv22b_Ud37LPt9gAPe79UIwOhx65OAQmPNa_gXrwj7nwuMpQq4lKCI9WUj8Bht_9fqiBS_JqVHNor0QGrFQn9GxhvOIHnrHWT0mIVGMus79Jwh62k1SknMsf4IqjdW6qxeOgdjzD2v0Ki4YD_q6zK5UturyWA7e1254uZ7I4BVR9jNVF8CQ==', 'sid': 'gdpee4UGrqllPbylySB0AjfHwS8UA5KQASo3QI_f-021V8VOZPZNtJpEPzQ3NgyV'}
2025-03-05 21:34:51,875 - upyun - INFO - [10708:22420] - [webhook]✌️获取Webhook信息成功: http://10.10.0.2:5000/api/webhook?token=f8e2c3a4-2ccf-4b57-86fa-027f1e91a5ac
2025-03-05 21:35:56,951 - upyun - INFO - [10708:24808] - [查看日志]✌️查看日志成功!
2025-03-05 21:36:01,146 - upyun - INFO - [10708:27636] - [webhook]✌️获取Webhook信息成功: http://10.10.0.2:5000/api/webhook?token=f8e2c3a4-2ccf-4b57-86fa-027f1e91a5ac
2025-03-05 21:36:02,352 - upyun - INFO - [10708:12008] - [登录]✌️f8e2c3a4-2ccf-4b57-86fa-027f1e91a5ac校验通过!
2025-03-05 21:36:02,352 - upyun - INFO - [10708:12008] - [webhook]✌️webhook测试成功,url=http://10.10.0.2:5000/api/webhook?token=f8e2c3a4-2ccf-4b57-86fa-027f1e91a5ac
2025-03-05 21:36:20,242 - upyun - INFO - [10708:4324] - [初始化数据库]✌️创建或加载数据库文件成功.
2025-03-05 21:36:20,325 - upyun - WARNING - [10708:4324] - [登录]🙌用户登录失败:username=admin,password=admin
2025-03-05 21:36:24,450 - upyun - INFO - [10708:27420] - [初始化数据库]✌️创建或加载数据库文件成功.
2025-03-05 21:36:24,534 - upyun - INFO - [10708:27420] - [登录]✌️用户登录成功:username=admin,session_id=CSvCFCyH8MNF7xbJAmGGguHgt1H4kd-xaAs0q19oLB0
2025-03-05 21:36:24,539 - upyun - INFO - [10708:19536] - [初始化数据库]✌️创建或加载数据库文件成功.
2025-03-05 21:36:24,702 - upyun - INFO - [10708:15332] - [webhook]✌️获取Webhook信息成功: http://10.10.0.2:5000/api/webhook?token=f8e2c3a4-2ccf-4b57-86fa-027f1e91a5ac
2025-03-05 21:36:33,582 - upyun - INFO - [10708:9188] - [初始化数据库]✌️创建或加载数据库文件成功.
2025-03-05 21:36:33,829 - upyun - INFO - [10708:9188] - [修改密码]✌️修改密码成功!
2025-03-05 21:36:43,042 - upyun - INFO - [10708:3692] - [初始化数据库]✌️创建或加载数据库文件成功.
2025-03-05 21:36:43,127 - upyun - INFO - [10708:3692] - [登录]✌️用户登录成功:username=admin,session_id=M1A9PxIK04iNVcEMIw-s4rcOTGfmknrOOP5D1mqEYp4
2025-03-05 21:36:43,132 - upyun - INFO - [10708:3696] - [初始化数据库]✌️创建或加载数据库文件成功.
2025-03-05 21:36:43,310 - upyun - INFO - [10708:3708] - [webhook]✌️获取Webhook信息成功: http://10.10.0.2:5000/api/webhook?token=f8e2c3a4-2ccf-4b57-86fa-027f1e91a5ac
2025-03-05 21:40:56,736 - upyun - INFO - [10708:13756] - [登录]✌️f8e2c3a4-2ccf-4b57-86fa-027f1e91a5ac校验通过!
2025-03-05 21:40:56,736 - upyun - INFO - [10708:13756] - [初始化数据库]✌️创建或加载数据库文件成功.
2025-03-05 21:41:18,463 - upyun - INFO - [10708:13756] - Successfully logged in to upyun.com! Retrieved cookies: {"s": "RrMe4JegtSyvT_fymRWUTrYK2RiwDo9Ycx-bv22b_Ud37LPt9gAPe79UIwOhx65OAQmPNa_gXrwj7nwuMpQq4lKCI9WUj8Bht_9fqiBS_JqVHNor0QGrFQn9GxhvOIHnAHyQqa863Av4Od0fo_Aazm5XXOaaDCUtpiEXL57ASOC0r5fZLYM05lY4rzKLFvkSSYNM-jdagBdTvgleQKY-qg==", "sid": "V-CVdSzS8N04jhF74ou_F0JfEwH_c1y4KCWaUpMDiK06LW9Ide52UJco3xq7ymcd"}
2025-03-05 21:41:18,464 - upyun - INFO - [10708:13756] - [upyun]✌️使用18717705936,hsc1007.登录upyun.com网站成功并且成功获取到cookies.
2025-03-05 21:41:31,739 - upyun - INFO - [10708:16224] - [登录]✌️f8e2c3a4-2ccf-4b57-86fa-027f1e91a5ac校验通过!
2025-03-05 21:41:31,740 - upyun - INFO - [10708:16224] - [初始化数据库]✌️创建或加载数据库文件成功.
2025-03-05 21:41:32,044 - upyun - INFO - [10708:16224] - Successfully logged in to upyun.com! Retrieved cookies: {"s": "RrMe4JegtSyvT_fymRWUTrYK2RiwDo9Ycx-bv22b_Ud37LPt9gAPe79UIwOhx65OAQmPNa_gXrwj7nwuMpQq4lKCI9WUj8Bht_9fqiBS_JqVHNor0QGrFQn9GxhvOIHnL2bd0xqUSBx_MQzTfIYJD0k2Av4k0ekKpzpJRF2MOZbwsM0rN9k8iNEHNfwODrpYgbcT2iaJompOuTxpBHU6zA==", "sid": "bANiGv6CLfRxtBKnaLJUUJQXdqdrq8HrfvZZx4WfQUQEDhXmx9mZoNW-arF1trJg"}
2025-03-05 21:41:32,046 - upyun - INFO - [10708:16224] - [upyun]✌️使用18717705936,hsc1007.登录upyun.com网站成功并且成功获取到cookies.
2025-03-05 21:41:32,541 - upyun - INFO - [10708:16224] - Certificate successfully uploaded, certificate ID: 7d76f336e54cf1bee37473cdafff347b
2025-03-05 21:41:32,542 - upyun - INFO - [10708:16224] - Getting the ID of the certificate currently in use from upyun.com
2025-03-05 21:41:33,146 - upyun - INFO - [10708:16224] - Successfully retrieved the ID of the certificate in use, certificate ID: 7d76f336e54cf1bee37473cdafff347b
2025-03-05 21:41:33,147 - upyun - ERROR - [10708:16224] - Certificate migration failed, old certificate ID: 7d76f336e54cf1bee37473cdafff347b is the same as new certificate ID: 7d76f336e54cf1bee37473cdafff347b, skipping migration!
2025-03-05 21:41:39,940 - upyun - INFO - [10708:13756] - Certificate successfully uploaded, certificate ID: 7d76f336e54cf1bee37473cdafff347b
2025-03-05 21:41:39,940 - upyun - INFO - [10708:13756] - Getting the ID of the certificate currently in use from upyun.com
2025-03-05 21:42:01,288 - upyun - INFO - [10708:13756] - Successfully retrieved the ID of the certificate in use, certificate ID: 7d76f336e54cf1bee37473cdafff347b
2025-03-05 21:42:01,288 - upyun - ERROR - [10708:13756] - Certificate migration failed, old certificate ID: 7d76f336e54cf1bee37473cdafff347b is the same as new certificate ID: 7d76f336e54cf1bee37473cdafff347b, skipping migration!
2025-03-05 21:42:49,470 - upyun - INFO - [11112:15856] - [初始化数据库]✌️创建或加载数据库文件成功.
2025-03-05 21:42:49,478 - upyun - INFO - [11112:15856] - [初始化数据库]✌️初始化数据库完成!
2025-03-05 21:42:58,080 - upyun - INFO - [23884:25080] - [初始化数据库]✌️创建或加载数据库文件成功.
2025-03-05 21:42:58,081 - upyun - INFO - [23884:25080] - [初始化数据库]✌️初始化数据库完成!
2025-03-05 21:43:29,941 - upyun - INFO - [26148:1792] - [初始化数据库]✌️创建或加载数据库文件成功.
2025-03-05 21:43:29,943 - upyun - INFO - [26148:1792] - [初始化数据库]✌️初始化数据库完成!
2025-03-05 21:44:42,474 - upyun - INFO - [27256:27576] - [登录]✌️f8e2c3a4-2ccf-4b57-86fa-027f1e91a5ac校验通过!
2025-03-05 21:44:42,488 - upyun - INFO - [27256:27576] - 打印证书内容：{"certificate": "-----BEGIN CERTIFICATE-----\nMIIE8DCCA9igAwIBAgISA4xsbDM04lILTUyvrkZdE+XYMA0GCSqGSIb3DQEBCwUA\nMDMxCzAJBgNVBAYTAlVTMRYwFAYDVQQKEw1MZXQncyBFbmNyeXB0MQwwCgYDVQQD\nEwNSMTAwHhcNMjUwMjIzMTE0OTEyWhcNMjUwNTI0MTE0OTExWjAWMRQwEgYDVQQD\nDAsqLmhlc2MuaW5mbzCCASIwDQYJKoZIhvcNAQEBBQADggEPADCCAQoCggEBAKsU\nKc0spphyr4cg0z+nL6IztUKRzllxtTp+rCE4lVf19D32m7ld3ibx9yojPLrC7YP6\nbmloBcfcGGJzUfb/39tG5RSKjSklVciXObBpN6a7p7V5LF3nXRqmMQkMrSJeekET\n+rUQ2ocC+0MD9F0fec6XA7e5jK8oKUFBj80QH+EuOeijrn3JR4HWHeWwhM7nWXsX\nqLLG39b/vSskIEusCrE2hOlXiKVwFOeW6Gg9A8FwI+88nQhuFCbbfoX6LWNECsn7\nR1Vpct455e3vwmNfQdmgSvGncUvmLplfM//IERX9lnDky2NbAK5xriqarCuBXoJt\nU0bBVt8vs3fN5XDbz70CAwEAAaOCAhkwggIVMA4GA1UdDwEB/wQEAwIFoDAdBgNV\nHSUEFjAUBggrBgEFBQcDAQYIKwYBBQUHAwIwDAYDVR0TAQH/BAIwADAdBgNVHQ4E\nFgQUxt9svBYPuzglgj4MptpgOUKQArMwHwYDVR0jBBgwFoAUu7zDR6XkvKnGw6Ry\nDBCNojXhyOgwVwYIKwYBBQUHAQEESzBJMCIGCCsGAQUFBzABhhZodHRwOi8vcjEw\nLm8ubGVuY3Iub3JnMCMGCCsGAQUFBzAChhdodHRwOi8vcjEwLmkubGVuY3Iub3Jn\nLzAhBgNVHREEGjAYggsqLmhlc2MuaW5mb4IJaGVzYy5pbmZvMBMGA1UdIAQMMAow\nCAYGZ4EMAQIBMIIBAwYKKwYBBAHWeQIEAgSB9ASB8QDvAHUAfVkeEuF4KnscYWd8\nXv340IdcFKBOlZ65Ay/ZDowuebgAAAGVMtlkmQAABAMARjBEAiB3Q7FHuWrKWdud\nneKeNwu7oLBEGiGzlraAbPepToU0bgIgNct5kUpLuSfbDyIrNoL1ubN/UXmsCI0u\nKovCxVUZzTAAdgATSt8atZhCCXgMb+9MepGkFrcjSc5YV2rfrtqnwqvgIgAAAZUy\n2WajAAAEAwBHMEUCID/QNMspDtMtKOLHb2WCMwshAvDToRgjFIYXXsW+gWwLAiEA\nncqrTDsc1Urx4AZW7StYnLVTN4PdPA/gwa3EgPMTPrAwDQYJKoZIhvcNAQELBQAD\nggEBAGBAgDvN9RI7RMA31w4id1S7puuXjjgjozq85K1uEHint+6bXf5BMxpwnZlQ\nqMQqD5tGxo8JR81ZrGvUM2Gjhr8+smjNLEW7B0Eh6Oo0O8srUp48SoISVtsR9d8P\nB6LWIpuQGKv9gsBdyqM/xAzsRLLK3t13YuakuxWdiuj0Ob3dr5MX1iXREJbDJo92\ntkePP+pEhSbDiZulVnqjaEifX92OBhjRhMGOfZ7YocFx/XXVRROE25MMIglmhSkp\nUmaP+hmPpRK9l9isYroJHzaMgcIkU8DSbmk2XFdhRMZ3adJqxSP2b+tqczXaPoql\ni9sFlENELE+0UHgT/tgUVuHuQow=\n-----END CERTIFICATE-----\n\n-----BEGIN CERTIFICATE-----\nMIIFBTCCAu2gAwIBAgIQS6hSk/eaL6JzBkuoBI110DANBgkqhkiG9w0BAQsFADBP\nMQswCQYDVQQGEwJVUzEpMCcGA1UEChMgSW50ZXJuZXQgU2VjdXJpdHkgUmVzZWFy\nY2ggR3JvdXAxFTATBgNVBAMTDElTUkcgUm9vdCBYMTAeFw0yNDAzMTMwMDAwMDBa\nFw0yNzAzMTIyMzU5NTlaMDMxCzAJBgNVBAYTAlVTMRYwFAYDVQQKEw1MZXQncyBF\nbmNyeXB0MQwwCgYDVQQDEwNSMTAwggEiMA0GCSqGSIb3DQEBAQUAA4IBDwAwggEK\nAoIBAQDPV+XmxFQS7bRH/sknWHZGUCiMHT6I3wWd1bUYKb3dtVq/+vbOo76vACFL\nYlpaPAEvxVgD9on/jhFD68G14BQHlo9vH9fnuoE5CXVlt8KvGFs3Jijno/QHK20a\n/6tYvJWuQP/py1fEtVt/eA0YYbwX51TGu0mRzW4Y0YCF7qZlNrx06rxQTOr8IfM4\nFpOUurDTazgGzRYSespSdcitdrLCnF2YRVxvYXvGLe48E1KGAdlX5jgc3421H5KR\nmudKHMxFqHJV8LDmowfs/acbZp4/SItxhHFYyTr6717yW0QrPHTnj7JHwQdqzZq3\nDZb3EoEmUVQK7GH29/Xi8orIlQ2NAgMBAAGjgfgwgfUwDgYDVR0PAQH/BAQDAgGG\nMB0GA1UdJQQWMBQGCCsGAQUFBwMCBggrBgEFBQcDATASBgNVHRMBAf8ECDAGAQH/\nAgEAMB0GA1UdDgQWBBS7vMNHpeS8qcbDpHIMEI2iNeHI6DAfBgNVHSMEGDAWgBR5\ntFnme7bl5AFzgAiIyBpY9umbbjAyBggrBgEFBQcBAQQmMCQwIgYIKwYBBQUHMAKG\nFmh0dHA6Ly94MS5pLmxlbmNyLm9yZy8wEwYDVR0gBAwwCjAIBgZngQwBAgEwJwYD\nVR0fBCAwHjAcoBqgGIYWaHR0cDovL3gxLmMubGVuY3Iub3JnLzANBgkqhkiG9w0B\nAQsFAAOCAgEAkrHnQTfreZ2B5s3iJeE6IOmQRJWjgVzPw139vaBw1bGWKCIL0vIo\nzwzn1OZDjCQiHcFCktEJr59L9MhwTyAWsVrdAfYf+B9haxQnsHKNY67u4s5Lzzfd\nu6PUzeetUK29v+PsPmI2cJkxp+iN3epi4hKu9ZzUPSwMqtCceb7qPVxEbpYxY1p9\n1n5PJKBLBX9eb9LU6l8zSxPWV7bK3lG4XaMJgnT9x3ies7msFtpKK5bDtotij/l0\nGaKeA97pb5uwD9KgWvaFXMIEt8jVTjLEvwRdvCn294GPDF08U8lAkIv7tghluaQh\n1QnlE4SEN4LOECj8dsIGJXpGUk3aU3KkJz9icKy+aUgA+2cP21uh6NcDIS3XyfaZ\nQjmDQ993ChII8SXWupQZVBiIpcWO4RqZk3lr7Bz5MUCwzDIA359e57SSq5CCkY0N\n4B6Vulk7LktfwrdGNVI5BsC9qqxSwSKgRJeZ9wygIaehbHFHFhcBaMDKpiZlBHyz\nrsnnlFXCb5s8HKn5LsUgGvB24L7sGNZP2CX7dhHov+YhD+jozLW2p9W4959Bz2Ei\nRmqDtmiXLnzqTpXbI+suyCsohKRg6Un0RC47+cpiVwHiXZAW+cn8eiNIjqbVgXLx\nKPpdzvvtTnOPlC7SQZSYmdunr3Bf9b77AiC/ZidstK36dRILKz7OA54=\n-----END CERTIFICATE-----", "private_key": "-----BEGIN RSA PRIVATE KEY-----\nMIIEpAIBAAKCAQEAqxQpzSymmHKvhyDTP6cvojO1QpHOWXG1On6sITiVV/X0Pfab\nuV3eJvH3KiM8usLtg/puaWgFx9wYYnNR9v/f20blFIqNKSVVyJc5sGk3pruntXks\nXeddGqYxCQytIl56QRP6tRDahwL7QwP0XR95zpcDt7mMrygpQUGPzRAf4S456KOu\nfclHgdYd5bCEzudZexeossbf1v+9KyQgS6wKsTaE6VeIpXAU55boaD0DwXAj7zyd\nCG4UJtt+hfotY0QKyftHVWly3jnl7e/CY19B2aBK8adxS+YumV8z/8gRFf2WcOTL\nY1sArnGuKpqsK4Fegm1TRsFW3y+zd83lcNvPvQIDAQABAoIBAGL5+2U02/1+/IZV\nO2KsOybAe7HT4WpmGs+I0dU2g1Csf24J6vZHlGs7uh+q20vB0uB0VsSs5gtHDuSG\ni3k3eC/IyGgl8J1JeGPg+gNSHFxeXRzkygJaBMeSNvRhXRlxR5G3GWkAIy3RT8Tp\n2Mq3lyUqwX/d3cLInXWflK6zEX6Y6TC0+NIKq4DaTlY7nlKHRMgwTdIWxt5y7Qp/\nTXi+3FhVGIw825nYul5mOH+kQJrryoVZ5cgxl7kUddJd5I2jBA/TomRYitGLtzBX\nvQM98JSv2vWKf7ONfRix8ES7bpYzuPZOlXuJ2ESO+GazBbkq4t+Gi7UVc7X6f0bt\nMXZ8JJECgYEA4HL869tPiQvYdXongm/Z8SJteEyNOiT8UDcBvaRg4Lv9QmPpnBze\nzhfDPMOulEuDcQ1Unm7dT67zsQXgd1558EQ9tbj/QXpVM6Jj0EKUXnerqMDx4xWu\nFoUlVX40kzXPoXVAoYuxFXnahszE8UG9pgfRZYAzNmTzbjiihXe6ae8CgYEAwyCX\nb91aury1zCx8zF6i800nB3eq73hsFNjT7hc1anTLmu7vv36SmTdeMnn8+UGb9wN5\nIukGRpjvEzarjnTfKFucjRnXxCjWupX8QlGnx7yWn9TLV4I1fzs0Kgbikq/m/O+1\nC1ZN7xrwWgVBbnRxFCbS1uBI+8BwW9CnQPG4PRMCgYBhlPyrWl0Y+0JvyN0Wk6SQ\nduRbMgUQq3XbNh8WoTnRW0n/rEqrqc2gkqo6Z+Ul6jLKWv5YJ2EmvKyMYT63BydC\ns5iUwkqP4Czc1xRIPjodXDAQnVpM3WcjuV2C7uzSt8l+q+iek4o5CRJeGvbg4TEf\n1zRNyc/6LSe82vilyGkOlwKBgQCGHLx5Enbtqg55yonsHY96EiklJMbD2MzQd0cS\nebko9iWK03bM8z3nOPrxTo7k8ocz+5sit26szyhi2EyJmSJYJr8u6/g0xqzviW7c\nVisvSRttt2AbQU9rp1FvIVRQ5b2pU0foBuWB1c4k0T/rnvSpmRWIwpbnEZkoQfzy\n0jCDKQKBgQDXhIL7vuc3qQrNBCoMytbedhgRCAsb8c3KP5Zi76AYCTT6G7rcqBZe\n2nQJherl5wCMAIgVrvhQcFv1YoK/X7ULKV6nJjTzqM+J1VBieKuK6gnT1oJYsj00\nuqtKAV0vD/A2REvBIviJ7PaabcpoE81ZOrNpMffI6bsoFW6FZ0VxLw==\n-----END RSA PRIVATE KEY-----"}
2025-03-05 21:44:43,222 - upyun - INFO - [27256:27576] - Successfully logged in to upyun.com! Retrieved cookies: {"s": "RrMe4JegtSyvT_fymRWUTrYK2RiwDo9Ycx-bv22b_Ud37LPt9gAPe79UIwOhx65OAQmPNa_gXrwj7nwuMpQq4lKCI9WUj8Bht_9fqiBS_JqVHNor0QGrFQn9GxhvOIHn_reQ16ebrEeMlnrBZ47H5DVn-nXi56HObosWgJw4gFxfpaW9suE1bTehPXCcBxQINWbnn3bnWxKZVWZjm3qzGg==", "sid": "Jg5G1zk1fy22HuWI7GnTbvCjEQByuFruk94b1X1HPDbqhA4HY-7FH4Byr8xqc1sW"}
2025-03-05 21:44:43,224 - upyun - INFO - [27256:27576] - [upyun]✌️使用18717705936,hsc1007.登录upyun.com网站成功并且成功获取到cookies.
2025-03-05 21:44:43,822 - upyun - INFO - [27256:27576] - Certificate successfully uploaded, certificate ID: 7d76f336e54cf1bee37473cdafff347b
2025-03-05 21:44:43,822 - upyun - INFO - [27256:27576] - Getting the ID of the certificate currently in use from upyun.com
2025-03-05 21:44:46,119 - upyun - INFO - [27256:27576] - Successfully retrieved the ID of the certificate in use, certificate ID: 7d76f336e54cf1bee37473cdafff347b
2025-03-05 21:44:46,119 - upyun - ERROR - [27256:27576] - Certificate migration failed, old certificate ID: 7d76f336e54cf1bee37473cdafff347b is the same as new certificate ID: 7d76f336e54cf1bee37473cdafff347b, skipping migration!
2025-03-05 21:46:27,149 - upyun - INFO - [15900:15928] - [certificate]✌️f8e2c3a4-2ccf-4b57-86fa-027f1e91a5ac校验通过!
2025-03-05 21:46:27,150 - upyun - INFO - [15900:15928] - [certificate]打印证书内容：{"certificate": "-----BEGIN CERTIFICATE-----\nMIIE8DCCA9igAwIBAgISA4xsbDM04lILTUyvrkZdE+XYMA0GCSqGSIb3DQEBCwUA\nMDMxCzAJBgNVBAYTAlVTMRYwFAYDVQQKEw1MZXQncyBFbmNyeXB0MQwwCgYDVQQD\nEwNSMTAwHhcNMjUwMjIzMTE0OTEyWhcNMjUwNTI0MTE0OTExWjAWMRQwEgYDVQQD\nDAsqLmhlc2MuaW5mbzCCASIwDQYJKoZIhvcNAQEBBQADggEPADCCAQoCggEBAKsU\nKc0spphyr4cg0z+nL6IztUKRzllxtTp+rCE4lVf19D32m7ld3ibx9yojPLrC7YP6\nbmloBcfcGGJzUfb/39tG5RSKjSklVciXObBpN6a7p7V5LF3nXRqmMQkMrSJeekET\n+rUQ2ocC+0MD9F0fec6XA7e5jK8oKUFBj80QH+EuOeijrn3JR4HWHeWwhM7nWXsX\nqLLG39b/vSskIEusCrE2hOlXiKVwFOeW6Gg9A8FwI+88nQhuFCbbfoX6LWNECsn7\nR1Vpct455e3vwmNfQdmgSvGncUvmLplfM//IERX9lnDky2NbAK5xriqarCuBXoJt\nU0bBVt8vs3fN5XDbz70CAwEAAaOCAhkwggIVMA4GA1UdDwEB/wQEAwIFoDAdBgNV\nHSUEFjAUBggrBgEFBQcDAQYIKwYBBQUHAwIwDAYDVR0TAQH/BAIwADAdBgNVHQ4E\nFgQUxt9svBYPuzglgj4MptpgOUKQArMwHwYDVR0jBBgwFoAUu7zDR6XkvKnGw6Ry\nDBCNojXhyOgwVwYIKwYBBQUHAQEESzBJMCIGCCsGAQUFBzABhhZodHRwOi8vcjEw\nLm8ubGVuY3Iub3JnMCMGCCsGAQUFBzAChhdodHRwOi8vcjEwLmkubGVuY3Iub3Jn\nLzAhBgNVHREEGjAYggsqLmhlc2MuaW5mb4IJaGVzYy5pbmZvMBMGA1UdIAQMMAow\nCAYGZ4EMAQIBMIIBAwYKKwYBBAHWeQIEAgSB9ASB8QDvAHUAfVkeEuF4KnscYWd8\nXv340IdcFKBOlZ65Ay/ZDowuebgAAAGVMtlkmQAABAMARjBEAiB3Q7FHuWrKWdud\nneKeNwu7oLBEGiGzlraAbPepToU0bgIgNct5kUpLuSfbDyIrNoL1ubN/UXmsCI0u\nKovCxVUZzTAAdgATSt8atZhCCXgMb+9MepGkFrcjSc5YV2rfrtqnwqvgIgAAAZUy\n2WajAAAEAwBHMEUCID/QNMspDtMtKOLHb2WCMwshAvDToRgjFIYXXsW+gWwLAiEA\nncqrTDsc1Urx4AZW7StYnLVTN4PdPA/gwa3EgPMTPrAwDQYJKoZIhvcNAQELBQAD\nggEBAGBAgDvN9RI7RMA31w4id1S7puuXjjgjozq85K1uEHint+6bXf5BMxpwnZlQ\nqMQqD5tGxo8JR81ZrGvUM2Gjhr8+smjNLEW7B0Eh6Oo0O8srUp48SoISVtsR9d8P\nB6LWIpuQGKv9gsBdyqM/xAzsRLLK3t13YuakuxWdiuj0Ob3dr5MX1iXREJbDJo92\ntkePP+pEhSbDiZulVnqjaEifX92OBhjRhMGOfZ7YocFx/XXVRROE25MMIglmhSkp\nUmaP+hmPpRK9l9isYroJHzaMgcIkU8DSbmk2XFdhRMZ3adJqxSP2b+tqczXaPoql\ni9sFlENELE+0UHgT/tgUVuHuQow=\n-----END CERTIFICATE-----\n\n-----BEGIN CERTIFICATE-----\nMIIFBTCCAu2gAwIBAgIQS6hSk/eaL6JzBkuoBI110DANBgkqhkiG9w0BAQsFADBP\nMQswCQYDVQQGEwJVUzEpMCcGA1UEChMgSW50ZXJuZXQgU2VjdXJpdHkgUmVzZWFy\nY2ggR3JvdXAxFTATBgNVBAMTDElTUkcgUm9vdCBYMTAeFw0yNDAzMTMwMDAwMDBa\nFw0yNzAzMTIyMzU5NTlaMDMxCzAJBgNVBAYTAlVTMRYwFAYDVQQKEw1MZXQncyBF\nbmNyeXB0MQwwCgYDVQQDEwNSMTAwggEiMA0GCSqGSIb3DQEBAQUAA4IBDwAwggEK\nAoIBAQDPV+XmxFQS7bRH/sknWHZGUCiMHT6I3wWd1bUYKb3dtVq/+vbOo76vACFL\nYlpaPAEvxVgD9on/jhFD68G14BQHlo9vH9fnuoE5CXVlt8KvGFs3Jijno/QHK20a\n/6tYvJWuQP/py1fEtVt/eA0YYbwX51TGu0mRzW4Y0YCF7qZlNrx06rxQTOr8IfM4\nFpOUurDTazgGzRYSespSdcitdrLCnF2YRVxvYXvGLe48E1KGAdlX5jgc3421H5KR\nmudKHMxFqHJV8LDmowfs/acbZp4/SItxhHFYyTr6717yW0QrPHTnj7JHwQdqzZq3\nDZb3EoEmUVQK7GH29/Xi8orIlQ2NAgMBAAGjgfgwgfUwDgYDVR0PAQH/BAQDAgGG\nMB0GA1UdJQQWMBQGCCsGAQUFBwMCBggrBgEFBQcDATASBgNVHRMBAf8ECDAGAQH/\nAgEAMB0GA1UdDgQWBBS7vMNHpeS8qcbDpHIMEI2iNeHI6DAfBgNVHSMEGDAWgBR5\ntFnme7bl5AFzgAiIyBpY9umbbjAyBggrBgEFBQcBAQQmMCQwIgYIKwYBBQUHMAKG\nFmh0dHA6Ly94MS5pLmxlbmNyLm9yZy8wEwYDVR0gBAwwCjAIBgZngQwBAgEwJwYD\nVR0fBCAwHjAcoBqgGIYWaHR0cDovL3gxLmMubGVuY3Iub3JnLzANBgkqhkiG9w0B\nAQsFAAOCAgEAkrHnQTfreZ2B5s3iJeE6IOmQRJWjgVzPw139vaBw1bGWKCIL0vIo\nzwzn1OZDjCQiHcFCktEJr59L9MhwTyAWsVrdAfYf+B9haxQnsHKNY67u4s5Lzzfd\nu6PUzeetUK29v+PsPmI2cJkxp+iN3epi4hKu9ZzUPSwMqtCceb7qPVxEbpYxY1p9\n1n5PJKBLBX9eb9LU6l8zSxPWV7bK3lG4XaMJgnT9x3ies7msFtpKK5bDtotij/l0\nGaKeA97pb5uwD9KgWvaFXMIEt8jVTjLEvwRdvCn294GPDF08U8lAkIv7tghluaQh\n1QnlE4SEN4LOECj8dsIGJXpGUk3aU3KkJz9icKy+aUgA+2cP21uh6NcDIS3XyfaZ\nQjmDQ993ChII8SXWupQZVBiIpcWO4RqZk3lr7Bz5MUCwzDIA359e57SSq5CCkY0N\n4B6Vulk7LktfwrdGNVI5BsC9qqxSwSKgRJeZ9wygIaehbHFHFhcBaMDKpiZlBHyz\nrsnnlFXCb5s8HKn5LsUgGvB24L7sGNZP2CX7dhHov+YhD+jozLW2p9W4959Bz2Ei\nRmqDtmiXLnzqTpXbI+suyCsohKRg6Un0RC47+cpiVwHiXZAW+cn8eiNIjqbVgXLx\nKPpdzvvtTnOPlC7SQZSYmdunr3Bf9b77AiC/ZidstK36dRILKz7OA54=\n-----END CERTIFICATE-----", "private_key": "-----BEGIN RSA PRIVATE KEY-----\nMIIEpAIBAAKCAQEAqxQpzSymmHKvhyDTP6cvojO1QpHOWXG1On6sITiVV/X0Pfab\nuV3eJvH3KiM8usLtg/puaWgFx9wYYnNR9v/f20blFIqNKSVVyJc5sGk3pruntXks\nXeddGqYxCQytIl56QRP6tRDahwL7QwP0XR95zpcDt7mMrygpQUGPzRAf4S456KOu\nfclHgdYd5bCEzudZexeossbf1v+9KyQgS6wKsTaE6VeIpXAU55boaD0DwXAj7zyd\nCG4UJtt+hfotY0QKyftHVWly3jnl7e/CY19B2aBK8adxS+YumV8z/8gRFf2WcOTL\nY1sArnGuKpqsK4Fegm1TRsFW3y+zd83lcNvPvQIDAQABAoIBAGL5+2U02/1+/IZV\nO2KsOybAe7HT4WpmGs+I0dU2g1Csf24J6vZHlGs7uh+q20vB0uB0VsSs5gtHDuSG\ni3k3eC/IyGgl8J1JeGPg+gNSHFxeXRzkygJaBMeSNvRhXRlxR5G3GWkAIy3RT8Tp\n2Mq3lyUqwX/d3cLInXWflK6zEX6Y6TC0+NIKq4DaTlY7nlKHRMgwTdIWxt5y7Qp/\nTXi+3FhVGIw825nYul5mOH+kQJrryoVZ5cgxl7kUddJd5I2jBA/TomRYitGLtzBX\nvQM98JSv2vWKf7ONfRix8ES7bpYzuPZOlXuJ2ESO+GazBbkq4t+Gi7UVc7X6f0bt\nMXZ8JJECgYEA4HL869tPiQvYdXongm/Z8SJteEyNOiT8UDcBvaRg4Lv9QmPpnBze\nzhfDPMOulEuDcQ1Unm7dT67zsQXgd1558EQ9tbj/QXpVM6Jj0EKUXnerqMDx4xWu\nFoUlVX40kzXPoXVAoYuxFXnahszE8UG9pgfRZYAzNmTzbjiihXe6ae8CgYEAwyCX\nb91aury1zCx8zF6i800nB3eq73hsFNjT7hc1anTLmu7vv36SmTdeMnn8+UGb9wN5\nIukGRpjvEzarjnTfKFucjRnXxCjWupX8QlGnx7yWn9TLV4I1fzs0Kgbikq/m/O+1\nC1ZN7xrwWgVBbnRxFCbS1uBI+8BwW9CnQPG4PRMCgYBhlPyrWl0Y+0JvyN0Wk6SQ\nduRbMgUQq3XbNh8WoTnRW0n/rEqrqc2gkqo6Z+Ul6jLKWv5YJ2EmvKyMYT63BydC\ns5iUwkqP4Czc1xRIPjodXDAQnVpM3WcjuV2C7uzSt8l+q+iek4o5CRJeGvbg4TEf\n1zRNyc/6LSe82vilyGkOlwKBgQCGHLx5Enbtqg55yonsHY96EiklJMbD2MzQd0cS\nebko9iWK03bM8z3nOPrxTo7k8ocz+5sit26szyhi2EyJmSJYJr8u6/g0xqzviW7c\nVisvSRttt2AbQU9rp1FvIVRQ5b2pU0foBuWB1c4k0T/rnvSpmRWIwpbnEZkoQfzy\n0jCDKQKBgQDXhIL7vuc3qQrNBCoMytbedhgRCAsb8c3KP5Zi76AYCTT6G7rcqBZe\n2nQJherl5wCMAIgVrvhQcFv1YoK/X7ULKV6nJjTzqM+J1VBieKuK6gnT1oJYsj00\nuqtKAV0vD/A2REvBIviJ7PaabcpoE81ZOrNpMffI6bsoFW6FZ0VxLw==\n-----END RSA PRIVATE KEY-----"}
2025-03-05 21:46:49,165 - upyun - INFO - [15900:15928] - Successfully logged in to upyun.com! Retrieved cookies: {"s": "RrMe4JegtSyvT_fymRWUTrYK2RiwDo9Ycx-bv22b_Ud37LPt9gAPe79UIwOhx65OAQmPNa_gXrwj7nwuMpQq4lKCI9WUj8Bht_9fqiBS_JqVHNor0QGrFQn9GxhvOIHn-em9IlzBlto_Xyn2MQ-jgXqC2n3pAr-P5u75mlNrvMURVJyG4nADisJ1F95egfNAkiDEpnQGf1oo0DrvplVxrg==", "sid": "zO9eDJU3QnxPU05XJTaaOkD69GSx924wm2MH7RP8k_2pZKVXDUorMxMxfswdU0Nr"}
2025-03-05 21:46:49,166 - upyun - INFO - [15900:15928] - [certificate]✌️使用18717705936,hsc1007.登录upyun.com网站成功并且成功获取到cookies.
2025-03-05 21:46:49,605 - upyun - INFO - [15900:15928] - Certificate successfully uploaded, certificate ID: 7d76f336e54cf1bee37473cdafff347b
2025-03-05 21:46:49,605 - upyun - INFO - [15900:15928] - [certificate]Getting the ID of the certificate currently in use from upyun.com
2025-03-05 21:46:49,878 - upyun - INFO - [15900:15928] - Successfully retrieved the ID of the certificate in use, certificate ID: 7d76f336e54cf1bee37473cdafff347b
2025-03-05 21:46:49,879 - upyun - WARNING - [15900:15928] - [certificate]Certificate migration failed, old certificate ID: 7d76f336e54cf1bee37473cdafff347b is the same as new certificate ID: 7d76f336e54cf1bee37473cdafff347b, skipping migration!
